\BOOKMARK [1][-]{section.1}{\376\377\000I\000n\000t\000r\000o\000d\000u\000c\000t\000i\000o\000n}{}% 1
\BOOKMARK [1][-]{section.2}{\376\377\000L\000i\000t\000e\000r\000a\000t\000u\000r\000e\000\040\000R\000e\000v\000i\000e\000w}{}% 2
\BOOKMARK [2][-]{subsection.2.1}{\376\377\000O\000b\000j\000e\000c\000t\000\040\000D\000e\000t\000e\000c\000t\000i\000o\000n}{section.2}% 3
\BOOKMARK [2][-]{subsection.2.2}{\376\377\000Y\000O\000L\000O\000\040\000\050\000Y\000o\000u\000\040\000O\000n\000l\000y\000\040\000L\000o\000o\000k\000\040\000O\000n\000c\000e\000\051}{section.2}% 4
\BOOKMARK [2][-]{subsection.2.3}{\376\377\000Y\000O\000L\000O\000v\0008}{section.2}% 5
\BOOKMARK [2][-]{subsection.2.4}{\376\377\000P\000o\000s\000e\000\040\000E\000s\000t\000i\000m\000a\000t\000i\000o\000n}{section.2}% 6
\BOOKMARK [2][-]{subsection.2.5}{\376\377\000M\000e\000d\000i\000a\000P\000i\000p\000e}{section.2}% 7
\BOOKMARK [2][-]{subsection.2.6}{\376\377\000M\000e\000d\000i\000a\000P\000i\000p\000e\000\040\000P\000o\000s\000e}{section.2}% 8
\BOOKMARK [2][-]{subsection.2.7}{\376\377\000I\000n\000t\000e\000r\000s\000e\000c\000t\000i\000o\000n\000\040\000o\000v\000e\000r\000\040\000U\000n\000i\000o\000n\000\040\000\050\000I\000o\000U\000\051}{section.2}% 9
\BOOKMARK [2][-]{subsection.2.8}{\376\377\000I\000n\000t\000e\000l\000\040\000N\000U\000C}{section.2}% 10
\BOOKMARK [2][-]{subsection.2.9}{\376\377\000E\000S\000P\0003\0002\000\040\000D\000e\000v\000k\000i\000t\000\040\000V\0001}{section.2}% 11
\BOOKMARK [2][-]{subsection.2.10}{\376\377\000H\000-\000B\000r\000i\000d\000g\000e\000\040\000M\000o\000t\000o\000r\000\040\000D\000r\000i\000v\000e\000r}{section.2}% 12
\BOOKMARK [2][-]{subsection.2.11}{\376\377\000K\000Y\000-\0001\0002\0003\000\040\000E\000l\000e\000c\000t\000r\000i\000c\000\040\000W\000h\000e\000e\000l\000c\000h\000a\000i\000r}{section.2}% 13
\BOOKMARK [1][-]{section.3}{\376\377\000D\000e\000s\000i\000g\000n\000\040\000a\000n\000d\000\040\000I\000m\000p\000l\000e\000m\000e\000n\000t\000a\000t\000i\000o\000n}{}% 14
\BOOKMARK [2][-]{subsection.3.1}{\376\377\000S\000y\000s\000t\000e\000m\000\040\000D\000e\000s\000c\000r\000i\000p\000t\000i\000o\000n}{section.3}% 15
\BOOKMARK [2][-]{subsection.3.2}{\376\377\000H\000a\000r\000d\000w\000a\000r\000e}{section.3}% 16
\BOOKMARK [2][-]{subsection.3.3}{\376\377\000S\000o\000f\000t\000w\000a\000r\000e}{section.3}% 17
\BOOKMARK [2][-]{subsection.3.4}{\376\377\000Y\000o\000l\000o\000V\0008\000\040\000C\000l\000a\000s\000s\000i\000f\000i\000c\000a\000t\000i\000o\000n}{section.3}% 18
\BOOKMARK [2][-]{subsection.3.5}{\376\377\000M\000e\000d\000i\000a\000P\000i\000p\000e\000\040\000P\000o\000s\000e\000\040\000E\000s\000t\000i\000m\000a\000t\000i\000o\000n}{section.3}% 19
\BOOKMARK [2][-]{subsection.3.6}{\376\377\000D\000i\000s\000t\000a\000n\000c\000e\000\040\000C\000a\000l\000c\000u\000l\000a\000t\000i\000o\000n}{section.3}% 20
\BOOKMARK [2][-]{subsection.3.7}{\376\377\000G\000r\000i\000d\000\040\000I\000m\000p\000l\000e\000m\000e\000n\000t\000a\000t\000i\000o\000n}{section.3}% 21
\BOOKMARK [2][-]{subsection.3.8}{\376\377\000W\000h\000e\000e\000l\000c\000h\000a\000i\000r\000\040\000A\000v\000o\000i\000d\000a\000n\000c\000e\000\040\000N\000a\000v\000i\000g\000a\000t\000i\000o\000n}{section.3}% 22
\BOOKMARK [3][-]{subsubsection.3.8.1}{\376\377\000R\000e\000s\000u\000l\000t\000s\000\040\000w\000i\000t\000h\000o\000u\000t\000\040\000D\000e\000t\000e\000c\000t\000i\000o\000n}{subsection.3.8}% 23
\BOOKMARK [3][-]{subsubsection.3.8.2}{\376\377\000O\000b\000j\000e\000c\000t\000\040\000d\000e\000t\000e\000c\000t\000i\000o\000n\000\040\000r\000e\000s\000u\000l\000t\000s\000\040\000o\000n\000\040\000t\000h\000e\000\040\000g\000r\000i\000d\000\040\000s\000h\000o\000w\000i\000n\000g\000\040\000L\000e\000f\000t\000\040\000I\000n\000d\000e\000x\000\040\000g\000r\000e\000a\000t\000e\000r\000\040\000t\000h\000a\000n\000\040\000R\000i\000g\000h\000t\000\040\000I\000n\000d\000e\000x}{subsection.3.8}% 24
\BOOKMARK [3][-]{subsubsection.3.8.3}{\376\377\000O\000b\000j\000e\000c\000t\000\040\000d\000e\000t\000e\000c\000t\000i\000o\000n\000\040\000r\000e\000s\000u\000l\000t\000s\000\040\000o\000n\000\040\000t\000h\000e\000\040\000g\000r\000i\000d\000\040\000s\000h\000o\000w\000i\000n\000g\000\040\000t\000h\000e\000\040\000r\000i\000g\000h\000t\000\040\000i\000n\000d\000e\000x\000\040\000g\000r\000e\000a\000t\000e\000r\000\040\000t\000h\000a\000n\000\040\000t\000h\000e\000\040\000l\000e\000f\000t\000\040\000i\000n\000d\000e\000x}{subsection.3.8}% 25
\BOOKMARK [3][-]{subsubsection.3.8.4}{\376\377\000O\000b\000j\000e\000c\000t\000\040\000d\000e\000t\000e\000c\000t\000i\000o\000n\000\040\000r\000e\000s\000u\000l\000t\000s\000\040\000o\000n\000\040\000t\000h\000e\000\040\000g\000r\000i\000d\000\040\000s\000h\000o\000w\000i\000n\000g\000\040\000a\000\040\000l\000i\000n\000e\000a\000r\000\040\000p\000o\000s\000i\000t\000i\000o\000n\000\040\000r\000e\000l\000a\000t\000i\000v\000e\000\040\000t\000o\000\040\000t\000h\000e\000\040\000w\000h\000e\000e\000l\000c\000h\000a\000i\000r}{subsection.3.8}% 26
\BOOKMARK [1][-]{section.4}{\376\377\000R\000e\000s\000u\000l\000t\000s\000\040\000a\000n\000d\000\040\000D\000i\000s\000c\000u\000s\000s\000i\000o\000n}{}% 27
\BOOKMARK [2][-]{subsection.4.1}{\376\377\000F\000P\000S\000\040\000T\000e\000s\000t\000i\000n\000g}{section.4}% 28
\BOOKMARK [2][-]{subsection.4.2}{\376\377\000R\000e\000s\000p\000o\000n\000s\000e\000\040\000T\000i\000m\000e\000\040\000T\000e\000s\000t\000i\000n\000g}{section.4}% 29
\BOOKMARK [2][-]{subsection.4.3}{\376\377\000D\000e\000t\000e\000c\000t\000i\000o\000n\000\040\000D\000i\000s\000t\000a\000n\000c\000e\000\040\000A\000c\000c\000u\000r\000a\000c\000y\000\040\000T\000e\000s\000t\000i\000n\000g}{section.4}% 30
\BOOKMARK [2][-]{subsection.4.4}{\376\377\000A\000v\000o\000i\000d\000a\000n\000c\000e\000\040\000A\000c\000c\000u\000r\000a\000c\000y\000\040\000P\000e\000r\000f\000o\000r\000m\000a\000n\000c\000e}{section.4}% 31
\BOOKMARK [2][-]{subsection.4.5}{\376\377\000A\000v\000o\000i\000d\000a\000n\000c\000e\000\040\000S\000u\000c\000c\000e\000s\000s\000\040\000P\000e\000r\000f\000o\000r\000m\000a\000n\000c\000e\000\040\000w\000i\000t\000h\000\040\000T\000w\000o\000\040\000O\000b\000s\000t\000a\000c\000l\000e\000s}{section.4}% 32
\BOOKMARK [2][-]{subsection.4.6}{\376\377\000A\000v\000o\000i\000d\000a\000n\000c\000e\000\040\000S\000u\000c\000c\000e\000s\000s\000\040\000P\000e\000r\000f\000o\000r\000m\000a\000n\000c\000e\000\040\000w\000i\000t\000h\000\040\000T\000h\000r\000e\000e\000\040\000O\000b\000s\000t\000a\000c\000l\000e\000s}{section.4}% 33
\BOOKMARK [2][-]{subsection.4.7}{\376\377\000A\000v\000o\000i\000d\000a\000n\000c\000e\000\040\000S\000u\000c\000c\000e\000s\000s\000\040\000P\000e\000r\000f\000o\000r\000m\000a\000n\000c\000e\000\040\000w\000i\000t\000h\000\040\000F\000o\000u\000r\000\040\000O\000b\000s\000t\000a\000c\000l\000e\000s}{section.4}% 34
\BOOKMARK [1][-]{section.5}{\376\377\000C\000o\000n\000c\000l\000u\000s\000i\000o\000n}{}% 35
\BOOKMARK [1][-]{section.6}{\376\377\000S\000u\000g\000g\000e\000s\000t\000i\000o\000n\000s}{}% 36
